2024-08-20 00:21:59 [SpringApplicationShutdownHook] INFO  o.s.o.j.LocalContainerEntityManagerFactoryBean - Closing JPA EntityManagerFactory for persistence unit 'default'
2024-08-20 00:21:59 [SpringApplicationShutdownHook] INFO  com.zaxxer.hikari.HikariDataSource - HikariPool-1 - Shutdown initiated...
2024-08-20 00:21:59 [SpringApplicationShutdownHook] INFO  com.zaxxer.hikari.HikariDataSource - HikariPool-1 - Shutdown completed.
2024-08-20 00:24:06 [main] INFO  c.e.u.UrlShortenerApplication - Starting UrlShortenerApplication using Java 21.0.3 with PID 10496 (/Users/mac_kamil/url-shortener/target/classes started by mac_kamil in /Users/mac_kamil/url-shortener)
2024-08-20 00:24:06 [main] INFO  c.e.u.UrlShortenerApplication - Starting UrlShortenerApplication using Java 21.0.3 with PID 10496 (/Users/mac_kamil/url-shortener/target/classes started by mac_kamil in /Users/mac_kamil/url-shortener)
2024-08-20 00:24:06 [main] DEBUG c.e.u.UrlShortenerApplication - Running with Spring Boot v3.3.2, Spring v6.1.11
2024-08-20 00:24:06 [main] DEBUG c.e.u.UrlShortenerApplication - Running with Spring Boot v3.3.2, Spring v6.1.11
2024-08-20 00:24:06 [main] INFO  c.e.u.UrlShortenerApplication - No active profile set, falling back to 1 default profile: "default"
2024-08-20 00:24:06 [main] INFO  c.e.u.UrlShortenerApplication - No active profile set, falling back to 1 default profile: "default"
2024-08-20 00:24:07 [main] INFO  o.s.d.r.c.RepositoryConfigurationDelegate - Bootstrapping Spring Data JPA repositories in DEFAULT mode.
2024-08-20 00:24:07 [main] INFO  o.s.d.r.c.RepositoryConfigurationDelegate - Finished Spring Data repository scanning in 15 ms. Found 1 JPA repository interface.
2024-08-20 00:24:07 [main] INFO  o.s.b.w.e.tomcat.TomcatWebServer - Tomcat initialized with port 8080 (http)
2024-08-20 00:24:07 [main] INFO  o.a.coyote.http11.Http11NioProtocol - Initializing ProtocolHandler ["http-nio-8080"]
2024-08-20 00:24:07 [main] INFO  o.a.catalina.core.StandardService - Starting service [Tomcat]
2024-08-20 00:24:07 [main] INFO  o.a.catalina.core.StandardEngine - Starting Servlet engine: [Apache Tomcat/10.1.26]
2024-08-20 00:24:07 [main] INFO  o.a.c.c.C.[Tomcat].[localhost].[/] - Initializing Spring embedded WebApplicationContext
2024-08-20 00:24:07 [main] INFO  o.s.b.w.s.c.ServletWebServerApplicationContext - Root WebApplicationContext: initialization completed in 388 ms
2024-08-20 00:24:07 [main] INFO  com.zaxxer.hikari.HikariDataSource - HikariPool-1 - Starting...
2024-08-20 00:24:07 [main] INFO  com.zaxxer.hikari.pool.HikariPool - HikariPool-1 - Added connection conn0: url=jdbc:h2:mem:url-shortener user=SA
2024-08-20 00:24:07 [main] INFO  com.zaxxer.hikari.HikariDataSource - HikariPool-1 - Start completed.
2024-08-20 00:24:07 [main] INFO  o.s.b.a.h.H2ConsoleAutoConfiguration - H2 console available at '/h2-console'. Database available at 'jdbc:h2:mem:url-shortener'
2024-08-20 00:24:07 [main] INFO  o.h.jpa.internal.util.LogHelper - HHH000204: Processing PersistenceUnitInfo [name: default]
2024-08-20 00:24:07 [main] INFO  org.hibernate.Version - HHH000412: Hibernate ORM core version 6.5.2.Final
2024-08-20 00:24:07 [main] INFO  o.h.c.i.RegionFactoryInitiator - HHH000026: Second-level cache disabled
2024-08-20 00:24:07 [main] INFO  o.s.o.j.p.SpringPersistenceUnitInfo - No LoadTimeWeaver setup: ignoring JPA class transformer
2024-08-20 00:24:07 [main] WARN  org.hibernate.orm.deprecation - HHH90000025: H2Dialect does not need to be specified explicitly using 'hibernate.dialect' (remove the property setting and it will be selected by default)
2024-08-20 00:24:07 [main] INFO  o.h.e.t.j.p.i.JtaPlatformInitiator - HHH000489: No JTA platform available (set 'hibernate.transaction.jta.platform' to enable JTA platform integration)
2024-08-20 00:24:07 [main] INFO  o.s.o.j.LocalContainerEntityManagerFactoryBean - Initialized JPA EntityManagerFactory for persistence unit 'default'
2024-08-20 00:24:07 [main] WARN  o.s.b.a.o.j.JpaBaseConfiguration$JpaWebConfiguration - spring.jpa.open-in-view is enabled by default. Therefore, database queries may be performed during view rendering. Explicitly configure spring.jpa.open-in-view to disable this warning
2024-08-20 00:24:07 [main] INFO  o.s.b.a.w.s.WelcomePageHandlerMapping - Adding welcome page: class path resource [static/index.html]
2024-08-20 00:24:08 [main] INFO  o.a.coyote.http11.Http11NioProtocol - Starting ProtocolHandler ["http-nio-8080"]
2024-08-20 00:24:08 [main] INFO  o.s.b.w.e.tomcat.TomcatWebServer - Tomcat started on port 8080 (http) with context path '/'
2024-08-20 00:24:08 [main] INFO  c.e.u.UrlShortenerApplication - Started UrlShortenerApplication in 1.346 seconds (process running for 1.678)
2024-08-20 00:24:08 [main] INFO  c.e.u.UrlShortenerApplication - Started UrlShortenerApplication in 1.346 seconds (process running for 1.678)
2024-08-20 00:25:53 [http-nio-8080-exec-1] INFO  o.a.c.c.C.[Tomcat].[localhost].[/] - Initializing Spring DispatcherServlet 'dispatcherServlet'
2024-08-20 00:25:53 [http-nio-8080-exec-1] INFO  o.s.web.servlet.DispatcherServlet - Initializing Servlet 'dispatcherServlet'
2024-08-20 00:25:53 [http-nio-8080-exec-1] INFO  o.s.web.servlet.DispatcherServlet - Completed initialization in 1 ms
2024-08-20 00:26:17 [http-nio-8080-exec-4] INFO  c.example.urlshortener.UrlController - Short URL created: abc111
2024-08-20 00:26:17 [http-nio-8080-exec-4] INFO  c.example.urlshortener.UrlController - Short URL created: abc111
2024-08-20 00:27:21 [http-nio-8080-exec-6] WARN  c.example.urlshortener.UrlController - Short URL not found: abc111
2024-08-20 00:27:21 [http-nio-8080-exec-6] WARN  c.example.urlshortener.UrlController - Short URL not found: abc111
2024-08-20 00:34:01 [SpringApplicationShutdownHook] INFO  o.s.o.j.LocalContainerEntityManagerFactoryBean - Closing JPA EntityManagerFactory for persistence unit 'default'
2024-08-20 00:34:01 [SpringApplicationShutdownHook] INFO  com.zaxxer.hikari.HikariDataSource - HikariPool-1 - Shutdown initiated...
2024-08-20 00:34:01 [SpringApplicationShutdownHook] INFO  com.zaxxer.hikari.HikariDataSource - HikariPool-1 - Shutdown completed.
2024-08-20 00:34:04 [main] INFO  c.e.u.UrlShortenerApplication - Starting UrlShortenerApplication using Java 21.0.3 with PID 10580 (/Users/mac_kamil/url-shortener/target/classes started by mac_kamil in /Users/mac_kamil/url-shortener)
2024-08-20 00:34:04 [main] INFO  c.e.u.UrlShortenerApplication - Starting UrlShortenerApplication using Java 21.0.3 with PID 10580 (/Users/mac_kamil/url-shortener/target/classes started by mac_kamil in /Users/mac_kamil/url-shortener)
2024-08-20 00:34:04 [main] DEBUG c.e.u.UrlShortenerApplication - Running with Spring Boot v3.3.2, Spring v6.1.11
2024-08-20 00:34:04 [main] DEBUG c.e.u.UrlShortenerApplication - Running with Spring Boot v3.3.2, Spring v6.1.11
2024-08-20 00:34:04 [main] INFO  c.e.u.UrlShortenerApplication - No active profile set, falling back to 1 default profile: "default"
2024-08-20 00:34:04 [main] INFO  c.e.u.UrlShortenerApplication - No active profile set, falling back to 1 default profile: "default"
2024-08-20 00:34:04 [main] INFO  o.s.d.r.c.RepositoryConfigurationDelegate - Bootstrapping Spring Data JPA repositories in DEFAULT mode.
2024-08-20 00:34:04 [main] INFO  o.s.d.r.c.RepositoryConfigurationDelegate - Finished Spring Data repository scanning in 14 ms. Found 1 JPA repository interface.
2024-08-20 00:34:04 [main] INFO  o.s.b.w.e.tomcat.TomcatWebServer - Tomcat initialized with port 8080 (http)
2024-08-20 00:34:04 [main] INFO  o.a.coyote.http11.Http11NioProtocol - Initializing ProtocolHandler ["http-nio-8080"]
2024-08-20 00:34:04 [main] INFO  o.a.catalina.core.StandardService - Starting service [Tomcat]
2024-08-20 00:34:04 [main] INFO  o.a.catalina.core.StandardEngine - Starting Servlet engine: [Apache Tomcat/10.1.26]
2024-08-20 00:34:04 [main] INFO  o.a.c.c.C.[Tomcat].[localhost].[/] - Initializing Spring embedded WebApplicationContext
2024-08-20 00:34:04 [main] INFO  o.s.b.w.s.c.ServletWebServerApplicationContext - Root WebApplicationContext: initialization completed in 396 ms
2024-08-20 00:34:04 [main] INFO  com.zaxxer.hikari.HikariDataSource - HikariPool-1 - Starting...
2024-08-20 00:34:04 [main] INFO  com.zaxxer.hikari.pool.HikariPool - HikariPool-1 - Added connection conn0: url=jdbc:h2:mem:url-shortener user=SA
2024-08-20 00:34:04 [main] INFO  com.zaxxer.hikari.HikariDataSource - HikariPool-1 - Start completed.
2024-08-20 00:34:04 [main] INFO  o.s.b.a.h.H2ConsoleAutoConfiguration - H2 console available at '/h2-console'. Database available at 'jdbc:h2:mem:url-shortener'
2024-08-20 00:34:04 [main] INFO  o.h.jpa.internal.util.LogHelper - HHH000204: Processing PersistenceUnitInfo [name: default]
2024-08-20 00:34:04 [main] INFO  org.hibernate.Version - HHH000412: Hibernate ORM core version 6.5.2.Final
2024-08-20 00:34:04 [main] INFO  o.h.c.i.RegionFactoryInitiator - HHH000026: Second-level cache disabled
2024-08-20 00:34:04 [main] INFO  o.s.o.j.p.SpringPersistenceUnitInfo - No LoadTimeWeaver setup: ignoring JPA class transformer
2024-08-20 00:34:04 [main] WARN  org.hibernate.orm.deprecation - HHH90000025: H2Dialect does not need to be specified explicitly using 'hibernate.dialect' (remove the property setting and it will be selected by default)
2024-08-20 00:34:05 [main] INFO  o.h.e.t.j.p.i.JtaPlatformInitiator - HHH000489: No JTA platform available (set 'hibernate.transaction.jta.platform' to enable JTA platform integration)
2024-08-20 00:34:05 [main] INFO  o.s.o.j.LocalContainerEntityManagerFactoryBean - Initialized JPA EntityManagerFactory for persistence unit 'default'
2024-08-20 00:34:05 [main] WARN  o.s.b.a.o.j.JpaBaseConfiguration$JpaWebConfiguration - spring.jpa.open-in-view is enabled by default. Therefore, database queries may be performed during view rendering. Explicitly configure spring.jpa.open-in-view to disable this warning
2024-08-20 00:34:05 [main] INFO  o.s.b.a.w.s.WelcomePageHandlerMapping - Adding welcome page: class path resource [static/index.html]
2024-08-20 00:34:05 [main] INFO  o.a.coyote.http11.Http11NioProtocol - Starting ProtocolHandler ["http-nio-8080"]
2024-08-20 00:34:05 [main] INFO  o.s.b.w.e.tomcat.TomcatWebServer - Tomcat started on port 8080 (http) with context path '/'
2024-08-20 00:34:05 [main] INFO  c.e.u.UrlShortenerApplication - Started UrlShortenerApplication in 1.346 seconds (process running for 1.655)
2024-08-20 00:34:05 [main] INFO  c.e.u.UrlShortenerApplication - Started UrlShortenerApplication in 1.346 seconds (process running for 1.655)
2024-08-20 00:34:10 [http-nio-8080-exec-1] INFO  o.a.c.c.C.[Tomcat].[localhost].[/] - Initializing Spring DispatcherServlet 'dispatcherServlet'
2024-08-20 00:34:10 [http-nio-8080-exec-1] INFO  o.s.web.servlet.DispatcherServlet - Initializing Servlet 'dispatcherServlet'
2024-08-20 00:34:10 [http-nio-8080-exec-1] INFO  o.s.web.servlet.DispatcherServlet - Completed initialization in 1 ms
2024-08-20 00:34:11 [http-nio-8080-exec-1] WARN  c.example.urlshortener.UrlController - Short URL not found: abc111
2024-08-20 00:34:11 [http-nio-8080-exec-1] WARN  c.example.urlshortener.UrlController - Short URL not found: abc111
2024-08-20 00:34:22 [http-nio-8080-exec-2] INFO  c.example.urlshortener.UrlController - Short URL created: abc111
2024-08-20 00:34:22 [http-nio-8080-exec-2] INFO  c.example.urlshortener.UrlController - Short URL created: abc111
2024-08-20 00:34:36 [http-nio-8080-exec-3] INFO  c.example.urlshortener.UrlController - Redirecting to: https://www.baeldung.com/spring-response-entity
2024-08-20 00:34:36 [http-nio-8080-exec-3] INFO  c.example.urlshortener.UrlController - Redirecting to: https://www.baeldung.com/spring-response-entity
2024-08-20 01:02:26 [HikariPool-1 housekeeper] WARN  com.zaxxer.hikari.pool.HikariPool - HikariPool-1 - Thread starvation or clock leap detected (housekeeper delta=17m51s620ms).
2024-08-20 01:05:10 [HikariPool-1 housekeeper] WARN  com.zaxxer.hikari.pool.HikariPool - HikariPool-1 - Thread starvation or clock leap detected (housekeeper delta=2m14s99ms).
2024-08-20 01:13:46 [SpringApplicationShutdownHook] INFO  o.s.o.j.LocalContainerEntityManagerFactoryBean - Closing JPA EntityManagerFactory for persistence unit 'default'
2024-08-20 01:13:46 [SpringApplicationShutdownHook] INFO  com.zaxxer.hikari.HikariDataSource - HikariPool-1 - Shutdown initiated...
2024-08-20 01:13:46 [SpringApplicationShutdownHook] INFO  com.zaxxer.hikari.HikariDataSource - HikariPool-1 - Shutdown completed.
2024-08-20 01:14:06 [main] INFO  c.e.u.UrlShortenerApplication - Starting UrlShortenerApplication using Java 21.0.3 with PID 10707 (/Users/mac_kamil/url-shortener/target/classes started by mac_kamil in /Users/mac_kamil/url-shortener)
2024-08-20 01:14:06 [main] INFO  c.e.u.UrlShortenerApplication - Starting UrlShortenerApplication using Java 21.0.3 with PID 10707 (/Users/mac_kamil/url-shortener/target/classes started by mac_kamil in /Users/mac_kamil/url-shortener)
2024-08-20 01:14:06 [main] DEBUG c.e.u.UrlShortenerApplication - Running with Spring Boot v3.3.2, Spring v6.1.11
2024-08-20 01:14:06 [main] DEBUG c.e.u.UrlShortenerApplication - Running with Spring Boot v3.3.2, Spring v6.1.11
2024-08-20 01:14:06 [main] INFO  c.e.u.UrlShortenerApplication - No active profile set, falling back to 1 default profile: "default"
2024-08-20 01:14:06 [main] INFO  c.e.u.UrlShortenerApplication - No active profile set, falling back to 1 default profile: "default"
2024-08-20 01:14:06 [main] INFO  o.s.d.r.c.RepositoryConfigurationDelegate - Bootstrapping Spring Data JPA repositories in DEFAULT mode.
2024-08-20 01:14:06 [main] INFO  o.s.d.r.c.RepositoryConfigurationDelegate - Finished Spring Data repository scanning in 18 ms. Found 1 JPA repository interface.
2024-08-20 01:14:06 [main] INFO  o.s.b.w.e.tomcat.TomcatWebServer - Tomcat initialized with port 8080 (http)
2024-08-20 01:14:06 [main] INFO  o.a.coyote.http11.Http11NioProtocol - Initializing ProtocolHandler ["http-nio-8080"]
2024-08-20 01:14:06 [main] INFO  o.a.catalina.core.StandardService - Starting service [Tomcat]
2024-08-20 01:14:06 [main] INFO  o.a.catalina.core.StandardEngine - Starting Servlet engine: [Apache Tomcat/10.1.26]
2024-08-20 01:14:06 [main] INFO  o.a.c.c.C.[Tomcat].[localhost].[/] - Initializing Spring embedded WebApplicationContext
2024-08-20 01:14:06 [main] INFO  o.s.b.w.s.c.ServletWebServerApplicationContext - Root WebApplicationContext: initialization completed in 403 ms
2024-08-20 01:14:06 [main] INFO  com.zaxxer.hikari.HikariDataSource - HikariPool-1 - Starting...
2024-08-20 01:14:06 [main] INFO  com.zaxxer.hikari.pool.HikariPool - HikariPool-1 - Added connection conn0: url=jdbc:h2:mem:url-shortener user=SA
2024-08-20 01:14:06 [main] INFO  com.zaxxer.hikari.HikariDataSource - HikariPool-1 - Start completed.
2024-08-20 01:14:06 [main] INFO  o.s.b.a.h.H2ConsoleAutoConfiguration - H2 console available at '/h2-console'. Database available at 'jdbc:h2:mem:url-shortener'
2024-08-20 01:14:06 [main] INFO  o.h.jpa.internal.util.LogHelper - HHH000204: Processing PersistenceUnitInfo [name: default]
2024-08-20 01:14:06 [main] INFO  org.hibernate.Version - HHH000412: Hibernate ORM core version 6.5.2.Final
2024-08-20 01:14:06 [main] INFO  o.h.c.i.RegionFactoryInitiator - HHH000026: Second-level cache disabled
2024-08-20 01:14:06 [main] INFO  o.s.o.j.p.SpringPersistenceUnitInfo - No LoadTimeWeaver setup: ignoring JPA class transformer
2024-08-20 01:14:06 [main] WARN  org.hibernate.orm.deprecation - HHH90000025: H2Dialect does not need to be specified explicitly using 'hibernate.dialect' (remove the property setting and it will be selected by default)
2024-08-20 01:14:06 [main] INFO  o.h.e.t.j.p.i.JtaPlatformInitiator - HHH000489: No JTA platform available (set 'hibernate.transaction.jta.platform' to enable JTA platform integration)
2024-08-20 01:14:06 [main] INFO  o.s.o.j.LocalContainerEntityManagerFactoryBean - Initialized JPA EntityManagerFactory for persistence unit 'default'
2024-08-20 01:14:07 [main] WARN  o.s.b.a.o.j.JpaBaseConfiguration$JpaWebConfiguration - spring.jpa.open-in-view is enabled by default. Therefore, database queries may be performed during view rendering. Explicitly configure spring.jpa.open-in-view to disable this warning
2024-08-20 01:14:07 [main] INFO  o.s.b.a.w.s.WelcomePageHandlerMapping - Adding welcome page: class path resource [static/index.html]
2024-08-20 01:14:07 [main] INFO  o.a.coyote.http11.Http11NioProtocol - Starting ProtocolHandler ["http-nio-8080"]
2024-08-20 01:14:07 [main] INFO  o.s.b.w.e.tomcat.TomcatWebServer - Tomcat started on port 8080 (http) with context path '/'
2024-08-20 01:14:07 [main] INFO  c.e.u.UrlShortenerApplication - Started UrlShortenerApplication in 1.341 seconds (process running for 1.653)
2024-08-20 01:14:07 [main] INFO  c.e.u.UrlShortenerApplication - Started UrlShortenerApplication in 1.341 seconds (process running for 1.653)
2024-08-20 01:14:29 [http-nio-8080-exec-1] INFO  o.a.c.c.C.[Tomcat].[localhost].[/] - Initializing Spring DispatcherServlet 'dispatcherServlet'
2024-08-20 01:14:29 [http-nio-8080-exec-1] INFO  o.s.web.servlet.DispatcherServlet - Initializing Servlet 'dispatcherServlet'
2024-08-20 01:14:29 [http-nio-8080-exec-1] INFO  o.s.web.servlet.DispatcherServlet - Completed initialization in 0 ms
2024-08-20 01:15:11 [http-nio-8080-exec-2] INFO  c.example.urlshortener.UrlController - Short URL created: abc123
2024-08-20 01:15:11 [http-nio-8080-exec-2] INFO  c.example.urlshortener.UrlController - Short URL created: abc123
2024-08-20 01:16:23 [http-nio-8080-exec-7] INFO  c.example.urlshortener.UrlController - Redirecting to: https://www.youtube.com/results?search_query=how+to+open+specific+page+with+springboot
2024-08-20 01:16:23 [http-nio-8080-exec-7] INFO  c.example.urlshortener.UrlController - Redirecting to: https://www.youtube.com/results?search_query=how+to+open+specific+page+with+springboot
2024-08-20 01:18:01 [SpringApplicationShutdownHook] INFO  o.s.o.j.LocalContainerEntityManagerFactoryBean - Closing JPA EntityManagerFactory for persistence unit 'default'
2024-08-20 01:18:01 [SpringApplicationShutdownHook] INFO  com.zaxxer.hikari.HikariDataSource - HikariPool-1 - Shutdown initiated...
2024-08-20 01:18:01 [SpringApplicationShutdownHook] INFO  com.zaxxer.hikari.HikariDataSource - HikariPool-1 - Shutdown completed.
2024-08-20 01:18:14 [main] INFO  c.e.u.UrlShortenerApplication - Starting UrlShortenerApplication using Java 21.0.3 with PID 10729 (/Users/mac_kamil/url-shortener/target/classes started by mac_kamil in /Users/mac_kamil/url-shortener)
2024-08-20 01:18:14 [main] INFO  c.e.u.UrlShortenerApplication - Starting UrlShortenerApplication using Java 21.0.3 with PID 10729 (/Users/mac_kamil/url-shortener/target/classes started by mac_kamil in /Users/mac_kamil/url-shortener)
2024-08-20 01:18:14 [main] DEBUG c.e.u.UrlShortenerApplication - Running with Spring Boot v3.3.2, Spring v6.1.11
2024-08-20 01:18:14 [main] DEBUG c.e.u.UrlShortenerApplication - Running with Spring Boot v3.3.2, Spring v6.1.11
2024-08-20 01:18:14 [main] INFO  c.e.u.UrlShortenerApplication - No active profile set, falling back to 1 default profile: "default"
2024-08-20 01:18:14 [main] INFO  c.e.u.UrlShortenerApplication - No active profile set, falling back to 1 default profile: "default"
2024-08-20 01:18:14 [main] INFO  o.s.d.r.c.RepositoryConfigurationDelegate - Bootstrapping Spring Data JPA repositories in DEFAULT mode.
2024-08-20 01:18:14 [main] INFO  o.s.d.r.c.RepositoryConfigurationDelegate - Finished Spring Data repository scanning in 18 ms. Found 1 JPA repository interface.
2024-08-20 01:18:14 [main] INFO  o.s.b.w.e.tomcat.TomcatWebServer - Tomcat initialized with port 8080 (http)
2024-08-20 01:18:14 [main] INFO  o.a.coyote.http11.Http11NioProtocol - Initializing ProtocolHandler ["http-nio-8080"]
2024-08-20 01:18:14 [main] INFO  o.a.catalina.core.StandardService - Starting service [Tomcat]
2024-08-20 01:18:14 [main] INFO  o.a.catalina.core.StandardEngine - Starting Servlet engine: [Apache Tomcat/10.1.26]
2024-08-20 01:18:14 [main] INFO  o.a.c.c.C.[Tomcat].[localhost].[/] - Initializing Spring embedded WebApplicationContext
2024-08-20 01:18:14 [main] INFO  o.s.b.w.s.c.ServletWebServerApplicationContext - Root WebApplicationContext: initialization completed in 397 ms
2024-08-20 01:18:14 [main] INFO  com.zaxxer.hikari.HikariDataSource - HikariPool-1 - Starting...
2024-08-20 01:18:14 [main] INFO  com.zaxxer.hikari.pool.HikariPool - HikariPool-1 - Added connection conn0: url=jdbc:h2:mem:url-shortener user=SA
2024-08-20 01:18:14 [main] INFO  com.zaxxer.hikari.HikariDataSource - HikariPool-1 - Start completed.
2024-08-20 01:18:14 [main] INFO  o.s.b.a.h.H2ConsoleAutoConfiguration - H2 console available at '/h2-console'. Database available at 'jdbc:h2:mem:url-shortener'
2024-08-20 01:18:14 [main] INFO  o.h.jpa.internal.util.LogHelper - HHH000204: Processing PersistenceUnitInfo [name: default]
2024-08-20 01:18:14 [main] INFO  org.hibernate.Version - HHH000412: Hibernate ORM core version 6.5.2.Final
2024-08-20 01:18:14 [main] INFO  o.h.c.i.RegionFactoryInitiator - HHH000026: Second-level cache disabled
2024-08-20 01:18:14 [main] INFO  o.s.o.j.p.SpringPersistenceUnitInfo - No LoadTimeWeaver setup: ignoring JPA class transformer
2024-08-20 01:18:14 [main] WARN  org.hibernate.orm.deprecation - HHH90000025: H2Dialect does not need to be specified explicitly using 'hibernate.dialect' (remove the property setting and it will be selected by default)
2024-08-20 01:18:15 [main] INFO  o.h.e.t.j.p.i.JtaPlatformInitiator - HHH000489: No JTA platform available (set 'hibernate.transaction.jta.platform' to enable JTA platform integration)
2024-08-20 01:18:15 [main] INFO  o.s.o.j.LocalContainerEntityManagerFactoryBean - Initialized JPA EntityManagerFactory for persistence unit 'default'
2024-08-20 01:18:15 [main] WARN  o.s.b.a.o.j.JpaBaseConfiguration$JpaWebConfiguration - spring.jpa.open-in-view is enabled by default. Therefore, database queries may be performed during view rendering. Explicitly configure spring.jpa.open-in-view to disable this warning
2024-08-20 01:18:15 [main] INFO  o.s.b.a.w.s.WelcomePageHandlerMapping - Adding welcome page: class path resource [static/index.html]
2024-08-20 01:18:15 [main] INFO  o.a.coyote.http11.Http11NioProtocol - Starting ProtocolHandler ["http-nio-8080"]
2024-08-20 01:18:15 [main] INFO  o.s.b.w.e.tomcat.TomcatWebServer - Tomcat started on port 8080 (http) with context path '/'
2024-08-20 01:18:15 [main] INFO  c.e.u.UrlShortenerApplication - Started UrlShortenerApplication in 1.335 seconds (process running for 1.659)
2024-08-20 01:18:15 [main] INFO  c.e.u.UrlShortenerApplication - Started UrlShortenerApplication in 1.335 seconds (process running for 1.659)
2024-08-20 01:23:37 [http-nio-8080-exec-4] INFO  o.a.c.c.C.[Tomcat].[localhost].[/] - Initializing Spring DispatcherServlet 'dispatcherServlet'
2024-08-20 01:23:37 [http-nio-8080-exec-4] INFO  o.s.web.servlet.DispatcherServlet - Initializing Servlet 'dispatcherServlet'
2024-08-20 01:23:37 [http-nio-8080-exec-4] INFO  o.s.web.servlet.DispatcherServlet - Completed initialization in 1 ms
2024-08-20 01:23:37 [http-nio-8080-exec-4] INFO  c.example.urlshortener.UrlController - Short URL created: abc123
2024-08-20 01:23:37 [http-nio-8080-exec-4] INFO  c.example.urlshortener.UrlController - Short URL created: abc123
2024-08-20 01:27:28 [SpringApplicationShutdownHook] INFO  o.s.o.j.LocalContainerEntityManagerFactoryBean - Closing JPA EntityManagerFactory for persistence unit 'default'
2024-08-20 01:27:28 [SpringApplicationShutdownHook] INFO  com.zaxxer.hikari.HikariDataSource - HikariPool-1 - Shutdown initiated...
2024-08-20 01:27:28 [SpringApplicationShutdownHook] INFO  com.zaxxer.hikari.HikariDataSource - HikariPool-1 - Shutdown completed.
